{"C:\\Users\\2262943\\vs code\\nextgen-customer\\ng-customers\\src\\controller\\customerDetailsController.ts": {"path":"C:\\Users\\2262943\\vs code\\nextgen-customer\\ng-customers\\src\\controller\\customerDetailsController.ts","statementMap":{"0":{"start":{"line":1,"column":0},"end":{"line":1,"column":83}},"1":{"start":{"line":2,"column":0},"end":{"line":2,"column":74}},"2":{"start":{"line":5,"column":26},"end":{"line":5,"column":38}},"3":{"start":{"line":6,"column":34},"end":{"line":6,"column":82}},"4":{"start":{"line":7,"column":31},"end":{"line":7,"column":84}},"5":{"start":{"line":9,"column":23},"end":{"line":50,"column":1}},"6":{"start":{"line":11,"column":4},"end":{"line":48,"column":5}},"7":{"start":{"line":12,"column":27},"end":{"line":12,"column":59}},"8":{"start":{"line":13,"column":8},"end":{"line":24,"column":9}},"9":{"start":{"line":14,"column":12},"end":{"line":23,"column":14}},"10":{"start":{"line":25,"column":28},"end":{"line":25,"column":91}},"11":{"start":{"line":26,"column":8},"end":{"line":35,"column":10}},"12":{"start":{"line":38,"column":8},"end":{"line":47,"column":null}},"13":{"start":{"line":9,"column":13},"end":{"line":9,"column":23}}},"fnMap":{"0":{"name":"(anonymous_0)","decl":{"start":{"line":9,"column":23},"end":{"line":9,"column":28}},"loc":{"start":{"line":9,"column":39},"end":{"line":50,"column":1}}}},"branchMap":{"0":{"loc":{"start":{"line":13,"column":8},"end":{"line":24,"column":9}},"type":"if","locations":[{"start":{"line":13,"column":8},"end":{"line":24,"column":9}}]},"1":{"loc":{"start":{"line":13,"column":12},"end":{"line":13,"column":73}},"type":"binary-expr","locations":[{"start":{"line":13,"column":12},"end":{"line":13,"column":23}},{"start":{"line":13,"column":27},"end":{"line":13,"column":48}},{"start":{"line":13,"column":52},"end":{"line":13,"column":73}}]}},"s":{"0":1,"1":1,"2":1,"3":1,"4":1,"5":1,"6":4,"7":4,"8":4,"9":3,"10":1,"11":0,"12":1,"13":1},"f":{"0":4},"b":{"0":[3],"1":[4,3,2]}}
,"C:\\Users\\2262943\\vs code\\nextgen-customer\\ng-customers\\src\\repository\\customerDetailsRepository.ts": {"path":"C:\\Users\\2262943\\vs code\\nextgen-customer\\ng-customers\\src\\repository\\customerDetailsRepository.ts","statementMap":{"0":{"start":{"line":1,"column":0},"end":{"line":1,"column":58}},"1":{"start":{"line":2,"column":0},"end":{"line":2,"column":75}},"2":{"start":{"line":11,"column":8},"end":{"line":11,"column":66}},"3":{"start":{"line":12,"column":8},"end":{"line":12,"column":65}},"4":{"start":{"line":13,"column":8},"end":{"line":13,"column":35}},"5":{"start":{"line":17,"column":24},"end":{"line":22,"column":10}},"6":{"start":{"line":24,"column":30},"end":{"line":24,"column":63}},"7":{"start":{"line":25,"column":8},"end":{"line":25,"column":30}},"8":{"start":{"line":26,"column":8},"end":{"line":26,"column":24}},"9":{"start":{"line":5,"column":0},"end":{"line":5,"column":13}}},"fnMap":{"0":{"name":"(anonymous_0)","decl":{"start":{"line":10,"column":4},"end":{"line":10,"column":16}},"loc":{"start":{"line":10,"column":33},"end":{"line":14,"column":5}}},"1":{"name":"(anonymous_1)","decl":{"start":{"line":16,"column":4},"end":{"line":16,"column":9}},"loc":{"start":{"line":16,"column":51},"end":{"line":27,"column":5}}}},"branchMap":{},"s":{"0":0,"1":0,"2":0,"3":0,"4":0,"5":0,"6":0,"7":0,"8":0,"9":0},"f":{"0":0,"1":0},"b":{}}
,"C:\\Users\\2262943\\vs code\\nextgen-customer\\ng-customers\\src\\service\\customerDetailsService.ts": {"path":"C:\\Users\\2262943\\vs code\\nextgen-customer\\ng-customers\\src\\service\\customerDetailsService.ts","statementMap":{"0":{"start":{"line":8,"column":8},"end":{"line":8,"column":67}},"1":{"start":{"line":12,"column":8},"end":{"line":12,"column":87}},"2":{"start":{"line":4,"column":0},"end":{"line":4,"column":13}}},"fnMap":{"0":{"name":"(anonymous_0)","decl":{"start":{"line":7,"column":4},"end":{"line":7,"column":16}},"loc":{"start":{"line":7,"column":68},"end":{"line":9,"column":5}}},"1":{"name":"(anonymous_1)","decl":{"start":{"line":11,"column":4},"end":{"line":11,"column":9}},"loc":{"start":{"line":11,"column":51},"end":{"line":13,"column":5}}}},"branchMap":{},"s":{"0":0,"1":0,"2":0},"f":{"0":0,"1":0},"b":{}}
}
