{"C:\\Users\\2262943\\vs code\\nextgen-customer\\ng-customers\\src\\builder\\response-builder.ts": {"path":"C:\\Users\\2262943\\vs code\\nextgen-customer\\ng-customers\\src\\builder\\response-builder.ts","statementMap":{"0":{"start":{"line":1,"column":0},"end":{"line":1,"column":60}},"1":{"start":{"line":6,"column":4},"end":{"line":10,"column":6}},"2":{"start":{"line":14,"column":4},"end":{"line":18,"column":6}},"3":{"start":{"line":4,"column":0},"end":{"line":4,"column":13}},"4":{"start":{"line":22,"column":27},"end":{"line":45,"column":1}},"5":{"start":{"line":23,"column":2},"end":{"line":44,"column":4}},"6":{"start":{"line":35,"column":73},"end":{"line":41,"column":10}}},"fnMap":{"0":{"name":"(anonymous_0)","decl":{"start":{"line":5,"column":2},"end":{"line":5,"column":8}},"loc":{"start":{"line":5,"column":69},"end":{"line":11,"column":3}}},"1":{"name":"(anonymous_1)","decl":{"start":{"line":13,"column":2},"end":{"line":13,"column":8}},"loc":{"start":{"line":13,"column":40},"end":{"line":19,"column":3}}},"2":{"name":"(anonymous_2)","decl":{"start":{"line":22,"column":27},"end":{"line":22,"column":28}},"loc":{"start":{"line":22,"column":40},"end":{"line":45,"column":1}}},"3":{"name":"(anonymous_3)","decl":{"start":{"line":35,"column":57},"end":{"line":35,"column":58}},"loc":{"start":{"line":35,"column":73},"end":{"line":41,"column":10}}}},"branchMap":{},"s":{"0":1,"1":6,"2":0,"3":1,"4":1,"5":0,"6":0},"f":{"0":6,"1":0,"2":0,"3":0},"b":{}}
,"C:\\Users\\2262943\\vs code\\nextgen-customer\\ng-customers\\src\\constant\\constants.ts": {"path":"C:\\Users\\2262943\\vs code\\nextgen-customer\\ng-customers\\src\\constant\\constants.ts","statementMap":{"0":{"start":{"line":1,"column":0},"end":{"line":1,"column":null}},"1":{"start":{"line":2,"column":2},"end":{"line":2,"column":null}},"2":{"start":{"line":3,"column":2},"end":{"line":3,"column":null}},"3":{"start":{"line":4,"column":2},"end":{"line":4,"column":null}},"4":{"start":{"line":5,"column":2},"end":{"line":5,"column":null}},"5":{"start":{"line":6,"column":2},"end":{"line":6,"column":null}},"6":{"start":{"line":9,"column":13},"end":{"line":14,"column":2}},"7":{"start":{"line":16,"column":13},"end":{"line":23,"column":2}},"8":{"start":{"line":25,"column":13},"end":{"line":29,"column":2}}},"fnMap":{"0":{"name":"(anonymous_0)","decl":{"start":{"line":1,"column":0},"end":{"line":1,"column":12}},"loc":{"start":{"line":1,"column":22},"end":{"line":7,"column":1}}}},"branchMap":{"0":{"loc":{"start":{"line":1,"column":12},"end":{"line":1,"column":null}},"type":"binary-expr","locations":[{"start":{"line":1,"column":12},"end":{"line":1,"column":22}},{"start":{"line":1,"column":22},"end":{"line":1,"column":null}}]}},"s":{"0":1,"1":1,"2":1,"3":1,"4":1,"5":1,"6":1,"7":1,"8":1},"f":{"0":1},"b":{"0":[1,1]}}
,"C:\\Users\\2262943\\vs code\\nextgen-customer\\ng-customers\\src\\controller\\customerDetailsController.ts": {"path":"C:\\Users\\2262943\\vs code\\nextgen-customer\\ng-customers\\src\\controller\\customerDetailsController.ts","statementMap":{"0":{"start":{"line":2,"column":0},"end":{"line":2,"column":61}},"1":{"start":{"line":3,"column":0},"end":{"line":3,"column":60}},"2":{"start":{"line":4,"column":0},"end":{"line":4,"column":62}},"3":{"start":{"line":5,"column":0},"end":{"line":5,"column":35}},"4":{"start":{"line":6,"column":19},"end":{"line":6,"column":35}},"5":{"start":{"line":9,"column":30},"end":{"line":9,"column":64}},"6":{"start":{"line":10,"column":2},"end":{"line":12,"column":3}},"7":{"start":{"line":11,"column":4},"end":{"line":11,"column":45}},"8":{"start":{"line":13,"column":2},"end":{"line":13,"column":14}},"9":{"start":{"line":20,"column":4},"end":{"line":20,"column":57}},"10":{"start":{"line":24,"column":4},"end":{"line":68,"column":5}},"11":{"start":{"line":25,"column":23},"end":{"line":25,"column":47}},"12":{"start":{"line":26,"column":6},"end":{"line":26,"column":28}},"13":{"start":{"line":27,"column":32},"end":{"line":27,"column":64}},"14":{"start":{"line":29,"column":25},"end":{"line":29,"column":49}},"15":{"start":{"line":30,"column":29},"end":{"line":30,"column":45}},"16":{"start":{"line":31,"column":25},"end":{"line":31,"column":57}},"17":{"start":{"line":33,"column":31},"end":{"line":33,"column":60}},"18":{"start":{"line":34,"column":6},"end":{"line":39,"column":7}},"19":{"start":{"line":35,"column":8},"end":{"line":38,"column":10}},"20":{"start":{"line":40,"column":6},"end":{"line":45,"column":7}},"21":{"start":{"line":41,"column":8},"end":{"line":44,"column":10}},"22":{"start":{"line":46,"column":6},"end":{"line":51,"column":7}},"23":{"start":{"line":47,"column":8},"end":{"line":50,"column":10}},"24":{"start":{"line":53,"column":8},"end":{"line":53,"column":76}},"25":{"start":{"line":55,"column":6},"end":{"line":60,"column":7}},"26":{"start":{"line":56,"column":8},"end":{"line":59,"column":10}},"27":{"start":{"line":62,"column":6},"end":{"line":62,"column":64}},"28":{"start":{"line":64,"column":6},"end":{"line":67,"column":8}},"29":{"start":{"line":16,"column":0},"end":{"line":16,"column":13}}},"fnMap":{"0":{"name":"getTokenFromEvent","decl":{"start":{"line":8,"column":9},"end":{"line":8,"column":26}},"loc":{"start":{"line":8,"column":37},"end":{"line":14,"column":1}}},"1":{"name":"(anonymous_1)","decl":{"start":{"line":19,"column":2},"end":{"line":19,"column":14}},"loc":{"start":{"line":19,"column":60},"end":{"line":21,"column":3}}},"2":{"name":"(anonymous_2)","decl":{"start":{"line":23,"column":2},"end":{"line":23,"column":7}},"loc":{"start":{"line":23,"column":35},"end":{"line":69,"column":3}}}},"branchMap":{"0":{"loc":{"start":{"line":9,"column":30},"end":{"line":9,"column":64}},"type":"binary-expr","locations":[{"start":{"line":9,"column":30},"end":{"line":9,"column":58}},{"start":{"line":9,"column":62},"end":{"line":9,"column":64}}]},"1":{"loc":{"start":{"line":10,"column":2},"end":{"line":12,"column":3}},"type":"if","locations":[{"start":{"line":10,"column":2},"end":{"line":12,"column":3}}]},"2":{"loc":{"start":{"line":34,"column":6},"end":{"line":39,"column":7}},"type":"if","locations":[{"start":{"line":34,"column":6},"end":{"line":39,"column":7}}]},"3":{"loc":{"start":{"line":40,"column":6},"end":{"line":45,"column":7}},"type":"if","locations":[{"start":{"line":40,"column":6},"end":{"line":45,"column":7}}]},"4":{"loc":{"start":{"line":46,"column":6},"end":{"line":51,"column":7}},"type":"if","locations":[{"start":{"line":46,"column":6},"end":{"line":51,"column":7}}]},"5":{"loc":{"start":{"line":55,"column":6},"end":{"line":60,"column":7}},"type":"if","locations":[{"start":{"line":55,"column":6},"end":{"line":60,"column":7}}]}},"s":{"0":1,"1":1,"2":1,"3":1,"4":1,"5":6,"6":6,"7":0,"8":6,"9":6,"10":6,"11":6,"12":6,"13":6,"14":0,"15":0,"16":0,"17":0,"18":0,"19":0,"20":0,"21":0,"22":0,"23":0,"24":0,"25":0,"26":0,"27":0,"28":6,"29":1},"f":{"0":6,"1":6,"2":6},"b":{"0":[6,6],"1":[0],"2":[0],"3":[0],"4":[0],"5":[0]}}
,"C:\\Users\\2262943\\vs code\\nextgen-customer\\ng-customers\\src\\mock\\customerMockValue.ts": {"path":"C:\\Users\\2262943\\vs code\\nextgen-customer\\ng-customers\\src\\mock\\customerMockValue.ts","statementMap":{"0":{"start":{"line":3,"column":13},"end":{"line":73,"column":2}},"1":{"start":{"line":76,"column":2},"end":{"line":92,"column":3}},"2":{"start":{"line":77,"column":4},"end":{"line":84,"column":5}},"3":{"start":{"line":78,"column":6},"end":{"line":83,"column":7}},"4":{"start":{"line":79,"column":8},"end":{"line":82,"column":10}},"5":{"start":{"line":85,"column":4},"end":{"line":87,"column":6}},"6":{"start":{"line":89,"column":4},"end":{"line":91,"column":6}},"7":{"start":{"line":75,"column":0},"end":{"line":75,"column":16}}},"fnMap":{"0":{"name":"getCustomerDetailsById","decl":{"start":{"line":75,"column":16},"end":{"line":75,"column":38}},"loc":{"start":{"line":75,"column":57},"end":{"line":93,"column":1}}}},"branchMap":{"0":{"loc":{"start":{"line":78,"column":6},"end":{"line":83,"column":7}},"type":"if","locations":[{"start":{"line":78,"column":6},"end":{"line":83,"column":7}}]}},"s":{"0":1,"1":1,"2":1,"3":3,"4":1,"5":0,"6":0,"7":1},"f":{"0":1},"b":{"0":[1]}}
,"C:\\Users\\2262943\\vs code\\nextgen-customer\\ng-customers\\src\\repository\\customerDetailsRepository.ts": {"path":"C:\\Users\\2262943\\vs code\\nextgen-customer\\ng-customers\\src\\repository\\customerDetailsRepository.ts","statementMap":{"0":{"start":{"line":1,"column":0},"end":{"line":1,"column":67}},"1":{"start":{"line":7,"column":25},"end":{"line":7,"column":59}},"2":{"start":{"line":8,"column":4},"end":{"line":8,"column":24}},"3":{"start":{"line":5,"column":0},"end":{"line":5,"column":13}}},"fnMap":{"0":{"name":"(anonymous_0)","decl":{"start":{"line":6,"column":2},"end":{"line":6,"column":7}},"loc":{"start":{"line":6,"column":49},"end":{"line":9,"column":3}}}},"branchMap":{},"s":{"0":1,"1":1,"2":1,"3":1},"f":{"0":1},"b":{}}
,"C:\\Users\\2262943\\vs code\\nextgen-customer\\ng-customers\\src\\resource\\resource-handler.ts": {"path":"C:\\Users\\2262943\\vs code\\nextgen-customer\\ng-customers\\src\\resource\\resource-handler.ts","statementMap":{"0":{"start":{"line":1,"column":0},"end":{"line":1,"column":84}},"1":{"start":{"line":2,"column":0},"end":{"line":2,"column":75}},"2":{"start":{"line":3,"column":0},"end":{"line":3,"column":84}},"3":{"start":{"line":4,"column":0},"end":{"line":4,"column":35}},"4":{"start":{"line":6,"column":34},"end":{"line":6,"column":65}},"5":{"start":{"line":7,"column":31},"end":{"line":8,"column":null}},"6":{"start":{"line":10,"column":34},"end":{"line":11,"column":null}},"7":{"start":{"line":14,"column":14},"end":{"line":14,"column":64}},"8":{"start":{"line":16,"column":14},"end":{"line":26,"column":2}},"9":{"start":{"line":28,"column":23},"end":{"line":31,"column":1}},"10":{"start":{"line":29,"column":19},"end":{"line":29,"column":79}},"11":{"start":{"line":30,"column":2},"end":{"line":30,"column":24}},"12":{"start":{"line":28,"column":13},"end":{"line":28,"column":23}},"13":{"start":{"line":32,"column":0},"end":{"line":32,"column":15}},"14":{"start":{"line":42,"column":20},"end":{"line":42,"column":30}},"15":{"start":{"line":43,"column":25},"end":{"line":43,"column":28}},"16":{"start":{"line":45,"column":18},"end":{"line":49,"column":4}},"17":{"start":{"line":51,"column":2},"end":{"line":51,"column":38}}},"fnMap":{"0":{"name":"(anonymous_0)","decl":{"start":{"line":28,"column":23},"end":{"line":28,"column":28}},"loc":{"start":{"line":28,"column":39},"end":{"line":31,"column":1}}},"1":{"name":"generateJwtToken","decl":{"start":{"line":41,"column":9},"end":{"line":41,"column":25}},"loc":{"start":{"line":41,"column":62},"end":{"line":52,"column":1}}}},"branchMap":{},"s":{"0":0,"1":0,"2":0,"3":0,"4":0,"5":0,"6":0,"7":0,"8":0,"9":0,"10":0,"11":0,"12":0,"13":0,"14":0,"15":0,"16":0,"17":0},"f":{"0":0,"1":0},"b":{}}
,"C:\\Users\\2262943\\vs code\\nextgen-customer\\ng-customers\\src\\service\\customerDetailsService.ts": {"path":"C:\\Users\\2262943\\vs code\\nextgen-customer\\ng-customers\\src\\service\\customerDetailsService.ts","statementMap":{"0":{"start":{"line":8,"column":8},"end":{"line":8,"column":67}},"1":{"start":{"line":12,"column":8},"end":{"line":12,"column":87}},"2":{"start":{"line":4,"column":0},"end":{"line":4,"column":13}}},"fnMap":{"0":{"name":"(anonymous_0)","decl":{"start":{"line":7,"column":4},"end":{"line":7,"column":16}},"loc":{"start":{"line":7,"column":68},"end":{"line":9,"column":5}}},"1":{"name":"(anonymous_1)","decl":{"start":{"line":11,"column":4},"end":{"line":11,"column":9}},"loc":{"start":{"line":11,"column":51},"end":{"line":13,"column":5}}}},"branchMap":{},"s":{"0":1,"1":1,"2":1},"f":{"0":1,"1":1},"b":{}}
,"C:\\Users\\2262943\\vs code\\nextgen-customer\\ng-customers\\src\\validator\\customerValidator.ts": {"path":"C:\\Users\\2262943\\vs code\\nextgen-customer\\ng-customers\\src\\validator\\customerValidator.ts","statementMap":{"0":{"start":{"line":3,"column":4},"end":{"line":12,"column":5}},"1":{"start":{"line":9,"column":6},"end":{"line":9,"column":19}},"2":{"start":{"line":11,"column":6},"end":{"line":11,"column":18}},"3":{"start":{"line":1,"column":0},"end":{"line":1,"column":13}}},"fnMap":{"0":{"name":"(anonymous_0)","decl":{"start":{"line":2,"column":2},"end":{"line":2,"column":17}},"loc":{"start":{"line":2,"column":36},"end":{"line":13,"column":3}}}},"branchMap":{"0":{"loc":{"start":{"line":3,"column":4},"end":{"line":12,"column":5}},"type":"if","locations":[{"start":{"line":3,"column":4},"end":{"line":12,"column":5}},{"start":{"line":10,"column":11},"end":{"line":12,"column":5}}]},"1":{"loc":{"start":{"line":4,"column":6},"end":{"line":7,"column":35}},"type":"binary-expr","locations":[{"start":{"line":4,"column":6},"end":{"line":4,"column":17}},{"start":{"line":5,"column":6},"end":{"line":5,"column":27}},{"start":{"line":6,"column":6},"end":{"line":6,"column":27}},{"start":{"line":7,"column":6},"end":{"line":7,"column":35}}]}},"s":{"0":0,"1":0,"2":0,"3":1},"f":{"0":0},"b":{"0":[0,0],"1":[0,0,0,0]}}
}
