TN:
SF:src\builder\response-builder.ts
FN:5,(anonymous_0)
FN:13,(anonymous_1)
FN:22,(anonymous_2)
FN:35,(anonymous_3)
FNF:4
FNH:1
FNDA:6,(anonymous_0)
FNDA:0,(anonymous_1)
FNDA:0,(anonymous_2)
FNDA:0,(anonymous_3)
DA:1,1
DA:4,1
DA:6,6
DA:14,0
DA:22,1
DA:23,0
DA:35,0
LF:7
LH:4
BRF:0
BRH:0
end_of_record
TN:
SF:src\constant\constants.ts
FN:1,(anonymous_0)
FNF:1
FNH:1
FNDA:1,(anonymous_0)
DA:1,1
DA:2,1
DA:3,1
DA:4,1
DA:5,1
DA:6,1
DA:9,1
DA:16,1
DA:25,1
LF:9
LH:9
BRDA:1,0,0,1
BRDA:1,0,1,1
BRF:2
BRH:2
end_of_record
TN:
SF:src\controller\customerDetailsController.ts
FN:8,getTokenFromEvent
FN:19,(anonymous_1)
FN:23,(anonymous_2)
FNF:3
FNH:3
FNDA:6,getTokenFromEvent
FNDA:6,(anonymous_1)
FNDA:6,(anonymous_2)
DA:2,1
DA:3,1
DA:4,1
DA:5,1
DA:6,1
DA:9,6
DA:10,6
DA:11,0
DA:13,6
DA:16,1
DA:20,6
DA:24,6
DA:25,6
DA:26,6
DA:27,6
DA:29,0
DA:30,0
DA:31,0
DA:33,0
DA:34,0
DA:35,0
DA:40,0
DA:41,0
DA:46,0
DA:47,0
DA:53,0
DA:55,0
DA:56,0
DA:62,0
DA:64,6
LF:30
LH:15
BRDA:9,0,0,6
BRDA:9,0,1,6
BRDA:10,1,0,0
BRDA:34,2,0,0
BRDA:40,3,0,0
BRDA:46,4,0,0
BRDA:55,5,0,0
BRF:7
BRH:2
end_of_record
TN:
SF:src\mock\customerMockValue.ts
FN:75,getCustomerDetailsById
FNF:1
FNH:1
FNDA:1,getCustomerDetailsById
DA:3,1
DA:75,1
DA:76,1
DA:77,1
DA:78,3
DA:79,1
DA:85,0
DA:89,0
LF:8
LH:6
BRDA:78,0,0,1
BRF:1
BRH:1
end_of_record
TN:
SF:src\repository\customerDetailsRepository.ts
FN:6,(anonymous_0)
FNF:1
FNH:1
FNDA:1,(anonymous_0)
DA:1,1
DA:5,1
DA:7,1
DA:8,1
LF:4
LH:4
BRF:0
BRH:0
end_of_record
TN:
SF:src\resource\resource-handler.ts
FN:28,(anonymous_0)
FN:41,generateJwtToken
FNF:2
FNH:0
FNDA:0,(anonymous_0)
FNDA:0,generateJwtToken
DA:1,0
DA:2,0
DA:3,0
DA:4,0
DA:6,0
DA:7,0
DA:10,0
DA:14,0
DA:16,0
DA:28,0
DA:29,0
DA:30,0
DA:32,0
DA:42,0
DA:43,0
DA:45,0
DA:51,0
LF:17
LH:0
BRF:0
BRH:0
end_of_record
TN:
SF:src\service\customerDetailsService.ts
FN:7,(anonymous_0)
FN:11,(anonymous_1)
FNF:2
FNH:2
FNDA:1,(anonymous_0)
FNDA:1,(anonymous_1)
DA:4,1
DA:8,1
DA:12,1
LF:3
LH:3
BRF:0
BRH:0
end_of_record
TN:
SF:src\validator\customerValidator.ts
FN:2,(anonymous_0)
FNF:1
FNH:0
FNDA:0,(anonymous_0)
DA:1,1
DA:3,0
DA:9,0
DA:11,0
LF:4
LH:1
BRDA:3,0,0,0
BRDA:3,0,1,0
BRDA:4,1,0,0
BRDA:4,1,1,0
BRDA:4,1,2,0
BRDA:4,1,3,0
BRF:6
BRH:0
end_of_record
